[2.913s] DEBUG:colcon:Command line arguments: ['/usr/bin/colcon', 'build', '--symlink-install']
[2.914s] DEBUG:colcon:Parsed command line arguments: Namespace(log_base=None, log_level=None, verb_name='build', build_base='build', install_base='install', merge_install=False, symlink_install=True, test_result_base=None, continue_on_error=False, executor='parallel', parallel_workers=4, event_handlers=None, ignore_user_meta=False, metas=['./colcon.meta'], base_paths=['.'], packages_ignore=None, packages_ignore_regex=None, paths=None, packages_up_to=None, packages_up_to_regex=None, packages_above=None, packages_above_and_dependencies=None, packages_above_depth=None, packages_select_by_dep=None, packages_skip_by_dep=None, packages_skip_up_to=None, packages_select_build_failed=False, packages_skip_build_finished=False, packages_select_test_failures=False, packages_skip_test_passed=False, packages_select=None, packages_skip=None, packages_select_regex=None, packages_skip_regex=None, packages_start=None, packages_end=None, allow_overriding=[], cmake_args=None, cmake_target=None, cmake_target_skip_unavailable=False, cmake_clean_cache=False, cmake_clean_first=False, cmake_force_configure=False, ament_cmake_args=None, catkin_cmake_args=None, catkin_skip_building_tests=False, verb_parser=<colcon_defaults.argument_parser.defaults.DefaultArgumentsDecorator object at 0xffffb0fc2500>, verb_extension=<colcon_core.verb.build.BuildVerb object at 0xffffb117bf40>, main=<bound method BuildVerb.main of <colcon_core.verb.build.BuildVerb object at 0xffffb117bf40>>)
[3.387s] Level 1:colcon.colcon_core.package_discovery:discover_packages(colcon_meta) check parameters
[3.388s] Level 1:colcon.colcon_core.package_discovery:discover_packages(recursive) check parameters
[3.388s] Level 1:colcon.colcon_core.package_discovery:discover_packages(ignore) check parameters
[3.389s] Level 1:colcon.colcon_core.package_discovery:discover_packages(path) check parameters
[3.389s] Level 1:colcon.colcon_core.package_discovery:discover_packages(colcon_meta) discover
[3.390s] Level 1:colcon.colcon_core.package_discovery:discover_packages(recursive) discover
[3.391s] INFO:colcon.colcon_core.package_discovery:Crawling recursively for packages in '/home/be105/rpi4_ros/rpi4_ros2_ws'
[3.392s] Level 1:colcon.colcon_core.package_identification:_identify(.) by extensions ['ignore', 'ignore_ament_install']
[3.393s] Level 1:colcon.colcon_core.package_identification:_identify(.) by extension 'ignore'
[3.393s] Level 1:colcon.colcon_core.package_identification:_identify(.) by extension 'ignore_ament_install'
[3.394s] Level 1:colcon.colcon_core.package_identification:_identify(.) by extensions ['colcon_pkg']
[3.394s] Level 1:colcon.colcon_core.package_identification:_identify(.) by extension 'colcon_pkg'
[3.394s] Level 1:colcon.colcon_core.package_identification:_identify(.) by extensions ['colcon_meta']
[3.395s] Level 1:colcon.colcon_core.package_identification:_identify(.) by extension 'colcon_meta'
[3.395s] Level 1:colcon.colcon_core.package_identification:_identify(.) by extensions ['ros']
[3.396s] Level 1:colcon.colcon_core.package_identification:_identify(.) by extension 'ros'
[3.531s] Level 1:colcon.colcon_core.package_identification:_identify(.) by extensions ['cmake', 'python']
[3.531s] Level 1:colcon.colcon_core.package_identification:_identify(.) by extension 'cmake'
[3.532s] Level 1:colcon.colcon_core.package_identification:_identify(.) by extension 'python'
[3.532s] Level 1:colcon.colcon_core.package_identification:_identify(.) by extensions ['python_setup_py']
[3.532s] Level 1:colcon.colcon_core.package_identification:_identify(.) by extension 'python_setup_py'
[3.533s] Level 1:colcon.colcon_core.package_identification:_identify(build) by extensions ['ignore', 'ignore_ament_install']
[3.534s] Level 1:colcon.colcon_core.package_identification:_identify(build) by extension 'ignore'
[3.535s] Level 1:colcon.colcon_core.package_identification:_identify(build) ignored
[3.536s] Level 1:colcon.colcon_core.package_identification:_identify(install) by extensions ['ignore', 'ignore_ament_install']
[3.536s] Level 1:colcon.colcon_core.package_identification:_identify(install) by extension 'ignore'
[3.537s] Level 1:colcon.colcon_core.package_identification:_identify(install) ignored
[3.538s] Level 1:colcon.colcon_core.package_identification:_identify(log) by extensions ['ignore', 'ignore_ament_install']
[3.539s] Level 1:colcon.colcon_core.package_identification:_identify(log) by extension 'ignore'
[3.539s] Level 1:colcon.colcon_core.package_identification:_identify(log) ignored
[3.541s] Level 1:colcon.colcon_core.package_identification:_identify(src) by extensions ['ignore', 'ignore_ament_install']
[3.541s] Level 1:colcon.colcon_core.package_identification:_identify(src) by extension 'ignore'
[3.542s] Level 1:colcon.colcon_core.package_identification:_identify(src) by extension 'ignore_ament_install'
[3.542s] Level 1:colcon.colcon_core.package_identification:_identify(src) by extensions ['colcon_pkg']
[3.543s] Level 1:colcon.colcon_core.package_identification:_identify(src) by extension 'colcon_pkg'
[3.544s] Level 1:colcon.colcon_core.package_identification:_identify(src) by extensions ['colcon_meta']
[3.545s] Level 1:colcon.colcon_core.package_identification:_identify(src) by extension 'colcon_meta'
[3.546s] Level 1:colcon.colcon_core.package_identification:_identify(src) by extensions ['ros']
[3.547s] Level 1:colcon.colcon_core.package_identification:_identify(src) by extension 'ros'
[3.548s] Level 1:colcon.colcon_core.package_identification:_identify(src) by extensions ['cmake', 'python']
[3.549s] Level 1:colcon.colcon_core.package_identification:_identify(src) by extension 'cmake'
[3.551s] Level 1:colcon.colcon_core.package_identification:_identify(src) by extension 'python'
[3.552s] Level 1:colcon.colcon_core.package_identification:_identify(src) by extensions ['python_setup_py']
[3.554s] Level 1:colcon.colcon_core.package_identification:_identify(src) by extension 'python_setup_py'
[3.555s] Level 1:colcon.colcon_core.package_discovery:discover_packages(recursive) using defaults
[3.556s] Level 1:colcon.colcon_core.package_discovery:discover_packages(ignore) discover
[3.557s] Level 1:colcon.colcon_core.package_discovery:discover_packages(ignore) using defaults
[3.558s] Level 1:colcon.colcon_core.package_discovery:discover_packages(path) discover
[3.559s] Level 1:colcon.colcon_core.package_discovery:discover_packages(path) using defaults
[3.858s] Level 1:colcon.colcon_core.package_discovery:discover_packages(prefix_path) check parameters
[3.858s] Level 1:colcon.colcon_core.package_discovery:discover_packages(prefix_path) discover
[3.897s] DEBUG:colcon.colcon_installed_package_information.package_discovery:Found 270 installed packages in /opt/ros/humble
[3.904s] Level 1:colcon.colcon_core.package_discovery:discover_packages(prefix_path) using defaults
[4.209s] INFO:colcon.colcon_core.executor:Executing jobs using 'parallel' executor
[4.222s] DEBUG:colcon.colcon_parallel_executor.executor.parallel:run_until_complete
[4.223s] DEBUG:colcon.colcon_parallel_executor.executor.parallel:closing loop
[4.225s] DEBUG:colcon.colcon_parallel_executor.executor.parallel:loop closed
[4.226s] DEBUG:colcon.colcon_parallel_executor.executor.parallel:run_until_complete finished with '0'
[4.227s] DEBUG:colcon.colcon_core.event_reactor:joining thread
[4.371s] INFO:colcon.colcon_core.plugin_system:Skipping extension 'colcon_notification.desktop_notification.terminal_notifier': Not used on non-Darwin systems
[4.372s] INFO:colcon.colcon_core.plugin_system:Skipping extension 'colcon_notification.desktop_notification.win32': Not used on non-Windows systems
[4.373s] INFO:colcon.colcon_notification.desktop_notification:Sending desktop notification using 'notify2'
[4.506s] DEBUG:colcon.colcon_core.event_reactor:joined thread
[4.569s] INFO:colcon.colcon_core.plugin_system:Skipping extension 'colcon_core.shell.bat': Not used on non-Windows systems
[4.570s] INFO:colcon.colcon_core.shell:Creating prefix script '/home/be105/rpi4_ros/rpi4_ros2_ws/install/local_setup.ps1'
[4.577s] INFO:colcon.colcon_core.shell:Creating prefix util module '/home/be105/rpi4_ros/rpi4_ros2_ws/install/_local_setup_util_ps1.py'
[4.587s] INFO:colcon.colcon_core.shell:Creating prefix chain script '/home/be105/rpi4_ros/rpi4_ros2_ws/install/setup.ps1'
[4.601s] INFO:colcon.colcon_core.shell:Creating prefix script '/home/be105/rpi4_ros/rpi4_ros2_ws/install/local_setup.sh'
[4.607s] INFO:colcon.colcon_core.shell:Creating prefix util module '/home/be105/rpi4_ros/rpi4_ros2_ws/install/_local_setup_util_sh.py'
[4.610s] INFO:colcon.colcon_core.shell:Creating prefix chain script '/home/be105/rpi4_ros/rpi4_ros2_ws/install/setup.sh'
[4.620s] INFO:colcon.colcon_core.shell:Creating prefix script '/home/be105/rpi4_ros/rpi4_ros2_ws/install/local_setup.bash'
[4.625s] INFO:colcon.colcon_core.shell:Creating prefix chain script '/home/be105/rpi4_ros/rpi4_ros2_ws/install/setup.bash'
[4.633s] INFO:colcon.colcon_core.shell:Creating prefix script '/home/be105/rpi4_ros/rpi4_ros2_ws/install/local_setup.zsh'
[4.695s] INFO:colcon.colcon_core.shell:Creating prefix chain script '/home/be105/rpi4_ros/rpi4_ros2_ws/install/setup.zsh'
